[21:11:42] [main/INFO]: Setting user: Player813
[21:11:42] [Client thread/INFO]: LWJGL Version: 2.9.1
[21:11:49] [Client thread/INFO]: Reloading ResourceManager: Default, FMLFileResourcePack:Forge Mod Loader, FMLFileResourcePack:Minecraft Forge, FMLFileResourcePack:Compact Lava Generator
[21:11:50] [Sound Library Loader/INFO]: Sound engine started
[21:11:51] [Client thread/INFO]: Created: 16x16 textures/blocks-atlas
[21:11:51] [Client thread/INFO]: Created: 16x16 textures/items-atlas
[21:11:51] [Client thread/INFO]: Reloading ResourceManager: Default, FMLFileResourcePack:Forge Mod Loader, FMLFileResourcePack:Minecraft Forge, FMLFileResourcePack:Compact Lava Generator
[21:11:51] [Client thread/INFO]: Created: 512x256 textures/blocks-atlas
[21:11:51] [Client thread/INFO]: Created: 256x256 textures/items-atlas
[21:11:52] [Sound Library Loader/INFO]: Sound engine started
[21:13:55] [Server thread/INFO]: Starting integrated minecraft server version 1.7.10
[21:13:55] [Server thread/INFO]: Generating keypair
[21:13:55] [Server thread/INFO]: Preparing start region for level 0
[21:13:56] [Server thread/INFO]: Changing view distance to 12, from 10
[21:13:56] [Server thread/INFO]: Player813[local:E:c90f09bf] logged in with entity id 202 at (603.5, 4.0, -975.5)
[21:13:56] [Server thread/INFO]: Player813 joined the game
[21:13:56] [Server thread/INFO]: Player813 lost connection: TextComponent{text='Disconnected', siblings=[], style=Style{hasParent=false, color=null, bold=null, italic=null, underlined=null, obfuscated=null, clickEvent=null, hoverEvent=null}}
[21:13:56] [Server thread/INFO]: Player813 left the game
[21:13:56] [Server thread/INFO]: Stopping singleplayer server as player logged out
[21:13:56] [Server thread/INFO]: Stopping server
[21:13:56] [Server thread/INFO]: Saving players
[21:13:56] [Server thread/INFO]: Saving worlds
[21:13:56] [Server thread/INFO]: Saving chunks for level 'New World'/Overworld
[21:13:56] [Server thread/INFO]: Saving chunks for level 'New World'/Nether
[21:13:56] [Server thread/INFO]: Saving chunks for level 'New World'/The End
[21:14:16] [pool-2-thread-1/WARN]: Couldn't look up profile properties for com.mojang.authlib.GameProfile@7867cbde[id=fb8576b0-fae6-3c1e-b44e-6422260d3c41,name=Player813,properties={},legacy=false]
com.mojang.authlib.exceptions.AuthenticationUnavailableException: Cannot contact authentication server
	at com.mojang.authlib.yggdrasil.YggdrasilAuthenticationService.makeRequest(YggdrasilAuthenticationService.java:71) ~[YggdrasilAuthenticationService.class:?]
	at com.mojang.authlib.yggdrasil.YggdrasilMinecraftSessionService.fillGameProfile(YggdrasilMinecraftSessionService.java:158) [YggdrasilMinecraftSessionService.class:?]
	at com.mojang.authlib.yggdrasil.YggdrasilMinecraftSessionService$1.load(YggdrasilMinecraftSessionService.java:53) [YggdrasilMinecraftSessionService$1.class:?]
	at com.mojang.authlib.yggdrasil.YggdrasilMinecraftSessionService$1.load(YggdrasilMinecraftSessionService.java:50) [YggdrasilMinecraftSessionService$1.class:?]
	at com.google.common.cache.LocalCache$LoadingValueReference.loadFuture(LocalCache.java:3524) [guava-17.0.jar:?]
	at com.google.common.cache.LocalCache$Segment.loadSync(LocalCache.java:2317) [guava-17.0.jar:?]
	at com.google.common.cache.LocalCache$Segment.lockedGetOrLoad(LocalCache.java:2280) [guava-17.0.jar:?]
	at com.google.common.cache.LocalCache$Segment.get(LocalCache.java:2195) [guava-17.0.jar:?]
	at com.google.common.cache.LocalCache.get(LocalCache.java:3934) [guava-17.0.jar:?]
	at com.google.common.cache.LocalCache.getOrLoad(LocalCache.java:3938) [guava-17.0.jar:?]
	at com.google.common.cache.LocalCache$LocalLoadingCache.get(LocalCache.java:4821) [guava-17.0.jar:?]
	at com.google.common.cache.LocalCache$LocalLoadingCache.getUnchecked(LocalCache.java:4827) [guava-17.0.jar:?]
	at com.mojang.authlib.yggdrasil.YggdrasilMinecraftSessionService.fillProfileProperties(YggdrasilMinecraftSessionService.java:148) [YggdrasilMinecraftSessionService.class:?]
	at net.minecraft.client.resources.SkinManager$3.run(SkinManager.java:133) [SkinManager$3.class:?]
	at java.util.concurrent.Executors$RunnableAdapter.call(Unknown Source) [?:1.8.0_45]
	at java.util.concurrent.FutureTask.run(Unknown Source) [?:1.8.0_45]
	at java.util.concurrent.ThreadPoolExecutor.runWorker(Unknown Source) [?:1.8.0_45]
	at java.util.concurrent.ThreadPoolExecutor$Worker.run(Unknown Source) [?:1.8.0_45]
	at java.lang.Thread.run(Unknown Source) [?:1.8.0_45]
Caused by: java.net.SocketTimeoutException: Read timed out
	at java.net.SocketInputStream.socketRead0(Native Method) ~[?:1.8.0_45]
	at java.net.SocketInputStream.socketRead(Unknown Source) ~[?:1.8.0_45]
	at java.net.SocketInputStream.read(Unknown Source) ~[?:1.8.0_45]
	at java.net.SocketInputStream.read(Unknown Source) ~[?:1.8.0_45]
	at sun.security.ssl.InputRecord.readFully(Unknown Source) ~[?:1.8.0_45]
	at sun.security.ssl.InputRecord.read(Unknown Source) ~[?:1.8.0_45]
	at sun.security.ssl.SSLSocketImpl.readRecord(Unknown Source) ~[?:1.8.0_45]
	at sun.security.ssl.SSLSocketImpl.readDataRecord(Unknown Source) ~[?:1.8.0_45]
	at sun.security.ssl.AppInputStream.read(Unknown Source) ~[?:1.8.0_45]
	at java.io.BufferedInputStream.fill(Unknown Source) ~[?:1.8.0_45]
	at java.io.BufferedInputStream.read1(Unknown Source) ~[?:1.8.0_45]
	at java.io.BufferedInputStream.read(Unknown Source) ~[?:1.8.0_45]
	at sun.net.www.http.HttpClient.parseHTTPHeader(Unknown Source) ~[?:1.8.0_45]
	at sun.net.www.http.HttpClient.parseHTTP(Unknown Source) ~[?:1.8.0_45]
	at sun.net.www.protocol.http.HttpURLConnection.getInputStream0(Unknown Source) ~[?:1.8.0_45]
	at sun.net.www.protocol.http.HttpURLConnection.access$200(Unknown Source) ~[?:1.8.0_45]
	at sun.net.www.protocol.http.HttpURLConnection$9.run(Unknown Source) ~[?:1.8.0_45]
	at sun.net.www.protocol.http.HttpURLConnection$9.run(Unknown Source) ~[?:1.8.0_45]
	at java.security.AccessController.doPrivileged(Native Method) ~[?:1.8.0_45]
	at java.security.AccessController.doPrivileged(Unknown Source) ~[?:1.8.0_45]
	at sun.net.www.protocol.http.HttpURLConnection.getInputStream(Unknown Source) ~[?:1.8.0_45]
	at sun.net.www.protocol.https.HttpsURLConnectionImpl.getInputStream(Unknown Source) ~[?:1.8.0_45]
	at com.mojang.authlib.HttpAuthenticationService.performGetRequest(HttpAuthenticationService.java:126) ~[HttpAuthenticationService.class:?]
	at com.mojang.authlib.yggdrasil.YggdrasilAuthenticationService.makeRequest(YggdrasilAuthenticationService.java:54) ~[YggdrasilAuthenticationService.class:?]
	... 18 more
[21:14:27] [Client thread/INFO]: Stopping!
