[21:27:08] [main/INFO]: Setting user: Player968
[21:27:09] [Client thread/INFO]: LWJGL Version: 2.9.1
[21:27:15] [Client thread/INFO]: Reloading ResourceManager: Default, FMLFileResourcePack:Forge Mod Loader, FMLFileResourcePack:Minecraft Forge, FMLFileResourcePack:Compact Lava Generator
[21:27:16] [Sound Library Loader/INFO]: Sound engine started
[21:27:16] [Client thread/INFO]: Created: 16x16 textures/blocks-atlas
[21:27:16] [Client thread/INFO]: Created: 16x16 textures/items-atlas
[21:27:16] [Client thread/INFO]: Reloading ResourceManager: Default, FMLFileResourcePack:Forge Mod Loader, FMLFileResourcePack:Minecraft Forge, FMLFileResourcePack:Compact Lava Generator
[21:27:16] [Client thread/INFO]: Created: 512x256 textures/blocks-atlas
[21:27:16] [Client thread/INFO]: Created: 256x256 textures/items-atlas
[21:27:17] [Sound Library Loader/INFO]: Sound engine started
[21:27:20] [Server thread/INFO]: Starting integrated minecraft server version 1.7.10
[21:27:20] [Server thread/INFO]: Generating keypair
[21:27:21] [Server thread/INFO]: Preparing start region for level 0
[21:27:21] [Server thread/INFO]: Changing view distance to 12, from 10
[21:27:21] [Server thread/INFO]: Player968[local:E:c08c1460] logged in with entity id 205 at (589.1867471419217, 4.0, -965.8963656873078)
[21:27:21] [Server thread/INFO]: Player968 joined the game
[21:27:23] [Server thread/INFO]: Player968 lost connection: TextComponent{text='Disconnected', siblings=[], style=Style{hasParent=false, color=null, bold=null, italic=null, underlined=null, obfuscated=null, clickEvent=null, hoverEvent=null}}
[21:27:23] [Server thread/INFO]: Player968 left the game
[21:27:23] [Server thread/INFO]: Stopping singleplayer server as player logged out
[21:27:23] [Server thread/INFO]: Stopping server
[21:27:23] [Server thread/INFO]: Saving players
[21:27:23] [Server thread/INFO]: Saving worlds
[21:27:23] [Server thread/INFO]: Saving chunks for level 'New World'/Overworld
[21:27:23] [Server thread/INFO]: Saving chunks for level 'New World'/Nether
[21:27:23] [Server thread/INFO]: Saving chunks for level 'New World'/The End
[21:36:48] [main/INFO]: Setting user: Player6
[21:36:49] [Client thread/INFO]: LWJGL Version: 2.9.1
[21:36:56] [Client thread/INFO]: Reloading ResourceManager: Default, FMLFileResourcePack:Forge Mod Loader, FMLFileResourcePack:Minecraft Forge, FMLFileResourcePack:Compact Lava Generator
[21:36:57] [Sound Library Loader/INFO]: Sound engine started
[21:36:57] [Client thread/INFO]: Created: 16x16 textures/blocks-atlas
[21:36:57] [Client thread/INFO]: Created: 16x16 textures/items-atlas
[21:36:57] [Client thread/INFO]: Reloading ResourceManager: Default, FMLFileResourcePack:Forge Mod Loader, FMLFileResourcePack:Minecraft Forge, FMLFileResourcePack:Compact Lava Generator
[21:36:57] [Client thread/INFO]: Created: 512x256 textures/blocks-atlas
[21:36:57] [Client thread/INFO]: Created: 256x256 textures/items-atlas
[21:36:58] [Sound Library Loader/INFO]: Sound engine started
[21:37:09] [Server thread/INFO]: Starting integrated minecraft server version 1.7.10
[21:37:09] [Server thread/INFO]: Generating keypair
[21:37:09] [Server thread/INFO]: Preparing start region for level 0
[21:37:10] [Server thread/INFO]: Changing view distance to 12, from 10
[21:37:10] [Server thread/INFO]: Player6[local:E:16fad6c7] logged in with entity id 205 at (589.1867471419217, 4.0, -965.8963656873078)
[21:37:10] [Server thread/INFO]: Player6 joined the game
[21:37:11] [Client thread/INFO]: [CHAT] Structure Incomplete!
[21:37:12] [Client thread/INFO]: [CHAT] Structure Incomplete!
[21:37:13] [Client thread/INFO]: [CHAT] Structure Incomplete!
[21:37:13] [Client thread/INFO]: [CHAT] Structure Incomplete!
[21:37:14] [Client thread/INFO]: [CHAT] Structure Incomplete!
[21:37:16] [Client thread/INFO]: [CHAT] Structure Incomplete!
[21:37:17] [Client thread/INFO]: [CHAT] Structure Incomplete!
[21:37:17] [Server thread/INFO]: Saving and pausing game...
[21:37:17] [Server thread/INFO]: Saving chunks for level 'New World'/Overworld
[21:37:17] [Server thread/INFO]: Saving chunks for level 'New World'/Nether
[21:37:17] [Server thread/INFO]: Saving chunks for level 'New World'/The End
[21:37:17] [Server thread/INFO]: Stopping server
[21:37:17] [Server thread/INFO]: Saving players
[21:37:17] [Server thread/INFO]: Saving worlds
[21:37:17] [Server thread/INFO]: Saving chunks for level 'New World'/Overworld
[21:37:17] [Server thread/INFO]: Saving chunks for level 'New World'/Nether
[21:37:17] [Server thread/INFO]: Saving chunks for level 'New World'/The End
[21:37:18] [Client thread/INFO]: Stopping!
