[12:51:12] [main/INFO]: Setting user: Player966
[12:51:14] [Client thread/INFO]: LWJGL Version: 2.9.1
[12:51:29] [Client thread/INFO]: Reloading ResourceManager: Default, FMLFileResourcePack:Forge Mod Loader, FMLFileResourcePack:Minecraft Forge, FMLFileResourcePack:Not Enough Items, FMLFileResourcePack:Compact Lava Generator, FMLFileResourcePack:Factorization Miscellaneous Nonsense, FMLFileResourcePack:Factorization Notification System, FMLFileResourcePack:Factorization Dimensional Slices, FMLFileResourcePack:Factorization, FMLFileResourcePack:BC Builders, FMLFileResourcePack:BC Transport, FMLFileResourcePack:BC Energy, FMLFileResourcePack:BC Silicon, FMLFileResourcePack:BC Robotics, FMLFileResourcePack:BuildCraft, FMLFileResourcePack:BC Factory, FMLFileResourcePack:Aroma1997Core|Helper, FMLFileResourcePack:BuildCraft Compat, FMLFileResourcePack:CoFH Core, FMLFileResourcePack:Ender IO, FMLFileResourcePack:Extra Utilities, FMLFileResourcePack:Immersive Engineering, FMLFileResourcePack:IndustrialCraft 2, FMLFileResourcePack:Item Render, FMLFileResourcePack:Thermal Dynamics, FMLFileResourcePack:Thermal Expansion, FMLFileResourcePack:Thermal Foundation, FMLFileResourcePack:Uncomplication, FMLFileResourcePack:Waila, FMLFileResourcePack:WorldEdit
[12:51:37] [Sound Library Loader/INFO]: Sound engine started
[12:51:38] [Client thread/INFO]: Created: 16x16 textures/blocks-atlas
[12:51:38] [Client thread/INFO]: Created: 16x16 textures/items-atlas
[12:51:40] [Client thread/INFO]: Created: 16x16 textures/revolvers-atlas
[12:51:43] [Client thread/INFO]: Reloading ResourceManager: Default, FMLFileResourcePack:Forge Mod Loader, FMLFileResourcePack:Minecraft Forge, FMLFileResourcePack:Not Enough Items, FMLFileResourcePack:Compact Lava Generator, FMLFileResourcePack:Factorization Miscellaneous Nonsense, FMLFileResourcePack:Factorization Notification System, FMLFileResourcePack:Factorization Dimensional Slices, FMLFileResourcePack:Factorization, FMLFileResourcePack:BC Builders, FMLFileResourcePack:BC Transport, FMLFileResourcePack:BC Energy, FMLFileResourcePack:BC Silicon, FMLFileResourcePack:BC Robotics, FMLFileResourcePack:BuildCraft, FMLFileResourcePack:BC Factory, FMLFileResourcePack:Aroma1997Core|Helper, FMLFileResourcePack:BuildCraft Compat, FMLFileResourcePack:CoFH Core, FMLFileResourcePack:Ender IO, FMLFileResourcePack:Extra Utilities, FMLFileResourcePack:Immersive Engineering, FMLFileResourcePack:IndustrialCraft 2, FMLFileResourcePack:Item Render, FMLFileResourcePack:Thermal Dynamics, FMLFileResourcePack:Thermal Expansion, FMLFileResourcePack:Thermal Foundation, FMLFileResourcePack:Uncomplication, FMLFileResourcePack:Waila, FMLFileResourcePack:WorldEdit
[12:51:46] [Client thread/INFO]: Created: 2048x1024 textures/blocks-atlas
[12:51:47] [Client thread/INFO]: Created: 1024x512 textures/revolvers-atlas
[12:51:47] [Client thread/INFO]: Created: 1024x512 textures/items-atlas
[12:51:48] [Sound Library Loader/INFO]: Sound engine started
[12:52:04] [Server thread/INFO]: Starting integrated minecraft server version 1.7.10
[12:52:04] [Server thread/INFO]: Generating keypair
[12:52:05] [Server thread/INFO]: Preparing start region for level 0
[12:52:05] [Server thread/INFO]: Changing view distance to 12, from 10
[12:52:06] [Server thread/INFO]: Player966[local:E:bfb6094f] logged in with entity id 164 at (29.649047081310176, 1.0, -515.3000000119209)
[12:52:06] [Server thread/INFO]: Player966 joined the game
[12:52:06] [Server thread/INFO]: Saving and pausing game...
[12:52:07] [Server thread/INFO]: Saving chunks for level 'New World'/Overworld
[12:52:07] [Server thread/INFO]: Saving chunks for level 'New World'/Nether
[12:52:07] [Server thread/INFO]: Saving chunks for level 'New World'/The End
[12:52:07] [Server thread/INFO]: Saving chunks for level 'New World'/FZHammer
[12:52:07] [Server thread/INFO]: Saving chunks for level 'New World'/Underdark
[12:52:07] [Server thread/INFO]: Saving chunks for level 'New World'/The Last Millenium
[12:52:13] [Aroma1997Core VersionChecking/INFO]: [CHAT] The mod Aroma1997Core is outdated. Please update it from http://tinyurl.com/aroma1997
[12:52:19] [Server thread/INFO]: [Player966: Set the time to 6000]
[12:52:19] [Client thread/INFO]: [CHAT] Set the time to 6000
[12:52:24] [Client thread/INFO]: [CHAT] [CoFH Core] A new version is available§6:
[12:52:24] [Client thread/INFO]: [CHAT] §f[Download§f] Fix blocking binding of 'G'
[12:52:27] [Client thread/INFO]: [CHAT] [Thermal Foundation] A new version is available§6:
[12:52:27] [Client thread/INFO]: [CHAT] §f[Download§f] Tiny bugfixes and compatibility update.
[12:52:30] [Server thread/INFO]: Saving and pausing game...
[12:52:30] [Server thread/INFO]: Saving chunks for level 'New World'/Overworld
[12:52:30] [Server thread/INFO]: Saving chunks for level 'New World'/Nether
[12:52:30] [Server thread/INFO]: Saving chunks for level 'New World'/The End
[12:52:30] [Server thread/INFO]: Saving chunks for level 'New World'/FZHammer
[12:52:30] [Server thread/INFO]: Saving chunks for level 'New World'/Underdark
[12:52:30] [Server thread/INFO]: Saving chunks for level 'New World'/The Last Millenium
[12:52:38] [Client thread/INFO]: [CHAT] [Thermal Expansion] A new version is available§6:
[12:52:38] [Client thread/INFO]: [CHAT] §f[Download§f] New workbenches, things, and more!
[12:54:39] [Client thread/INFO]: [CHAT] §dFirst position set to (24.0, 3.0, -517.0).
[12:54:41] [Client thread/INFO]: [CHAT] §dSecond position set to (36.0, 3.0, -506.0) (156).
[12:54:44] [Client thread/INFO]: [CHAT] §d77 block(s) have been changed.
[12:56:05] [Client thread/INFO]: [CHAT] ===============================================
[12:56:05] [Client thread/INFO]: [CHAT] Generating:2048.0,Storage:223232.0,Output:1536.0
[12:56:05] [Client thread/INFO]: [CHAT] ===============================================
[12:56:06] [Client thread/INFO]: [CHAT] ===============================================
[12:56:06] [Client thread/INFO]: [CHAT] Generating:2048.0,Storage:233472.0,Output:1536.0
[12:56:06] [Client thread/INFO]: [CHAT] ===============================================
[12:56:10] [Client thread/INFO]: [CHAT] ===============================================
[12:56:10] [Client thread/INFO]: [CHAT] Generating:2048.0,Storage:251904.0,Output:2048.0
[12:56:10] [Client thread/INFO]: [CHAT] ===============================================
[12:56:11] [Client thread/INFO]: [CHAT] ===============================================
[12:56:11] [Client thread/INFO]: [CHAT] Generating:2048.0,Storage:251904.0,Output:2048.0
[12:56:11] [Client thread/INFO]: [CHAT] ===============================================
[12:56:11] [Client thread/INFO]: [CHAT] ===============================================
[12:56:11] [Client thread/INFO]: [CHAT] Generating:2048.0,Storage:251904.0,Output:2048.0
[12:56:11] [Client thread/INFO]: [CHAT] ===============================================
[12:56:11] [Client thread/INFO]: [CHAT] ===============================================
[12:56:11] [Client thread/INFO]: [CHAT] Generating:2048.0,Storage:251904.0,Output:2048.0
[12:56:11] [Client thread/INFO]: [CHAT] ===============================================
[12:56:11] [Client thread/INFO]: [CHAT] ===============================================
[12:56:11] [Client thread/INFO]: [CHAT] Generating:2048.0,Storage:251904.0,Output:2048.0
[12:56:11] [Client thread/INFO]: [CHAT] ===============================================
[12:56:12] [Client thread/INFO]: [CHAT] ===============================================
[12:56:12] [Client thread/INFO]: [CHAT] Generating:2048.0,Storage:251904.0,Output:2048.0
[12:56:12] [Client thread/INFO]: [CHAT] ===============================================
[12:56:24] [Client thread/INFO]: [CHAT] ===============================================
[12:56:24] [Client thread/INFO]: [CHAT] Generating:2048.0,Storage:40960.0,Output:2048.0
[12:56:24] [Client thread/INFO]: [CHAT] ===============================================
[12:56:25] [Client thread/INFO]: [CHAT] ===============================================
[12:56:25] [Client thread/INFO]: [CHAT] Generating:2048.0,Storage:40960.0,Output:2048.0
[12:56:25] [Client thread/INFO]: [CHAT] ===============================================
[12:56:26] [Client thread/INFO]: [CHAT] ===============================================
[12:56:26] [Client thread/INFO]: [CHAT] Generating:2048.0,Storage:40960.0,Output:2048.0
[12:56:26] [Client thread/INFO]: [CHAT] ===============================================
[12:56:26] [Client thread/INFO]: [CHAT] ===============================================
[12:56:26] [Client thread/INFO]: [CHAT] Generating:2048.0,Storage:40960.0,Output:2048.0
[12:56:26] [Client thread/INFO]: [CHAT] ===============================================
[12:56:27] [Client thread/INFO]: [CHAT] ===============================================
[12:56:27] [Client thread/INFO]: [CHAT] Generating:2048.0,Storage:40960.0,Output:2048.0
[12:56:27] [Client thread/INFO]: [CHAT] ===============================================
[12:56:36] [Server thread/INFO]: Saving and pausing game...
[12:56:36] [Server thread/INFO]: Saving chunks for level 'New World'/Overworld
[12:56:36] [Server thread/INFO]: Saving chunks for level 'New World'/Nether
[12:56:36] [Server thread/INFO]: Saving chunks for level 'New World'/The End
[12:56:36] [Server thread/INFO]: Saving chunks for level 'New World'/FZHammer
[12:56:36] [Server thread/INFO]: Saving chunks for level 'New World'/Underdark
[12:56:36] [Server thread/INFO]: Saving chunks for level 'New World'/The Last Millenium
[12:56:36] [Server thread/INFO]: Stopping server
[12:56:36] [Server thread/INFO]: Saving players
[12:56:36] [Server thread/INFO]: Saving worlds
[12:56:36] [Server thread/INFO]: Saving chunks for level 'New World'/Overworld
[12:56:36] [Server thread/INFO]: Saving chunks for level 'New World'/Nether
[12:56:36] [Server thread/INFO]: Saving chunks for level 'New World'/The End
[12:56:36] [Server thread/INFO]: Saving chunks for level 'New World'/FZHammer
[12:56:36] [Server thread/INFO]: Saving chunks for level 'New World'/Underdark
[12:56:36] [Server thread/INFO]: Saving chunks for level 'New World'/The Last Millenium
[12:57:29] [Client thread/INFO]: Stopping!
